[33mWARN[0m[2026-03-04T04:55:45Z] An error occurred getting the running engine's version; you may be running an out-of-date engine version 
[36mINFO[0m[2026-03-04T04:55:45Z] [BENCH] kurtosis run starting                
[33mWARN[0m[2026-03-04T04:55:45Z] We expected the running engine version to match format X.Y.Z, but instead got 'cf5198'; this means that we can't verify the API library and engine versions match so you may encounter runtime errors 
[36mINFO[0m[2026-03-04T04:55:45Z] [BENCH] engine connect completed in 1.11847ms 
[36mINFO[0m[2026-03-04T04:55:45Z] Creating a new enclave for Starlark to run inside... 
[36mINFO[0m[2026-03-04T04:55:48Z] Enclave 'bench-baseline-single-local' created successfully 
[36mINFO[0m[2026-03-04T04:55:48Z] [BENCH] enclave creation completed in 2.759812397s 
[36mINFO[0m[2026-03-04T04:55:48Z] Executing Starlark package at '/home/runner/work/kt-speed-tests/kt-speed-tests/ethereum-package' as the passed argument './ethereum-package' looks like a directory 
[36mINFO[0m[2026-03-04T04:55:48Z] [BENCH] uploadStarlarkPackage starting for 'github.com/ethpandaops/ethereum-package' at './ethereum-package' 
[36mINFO[0m[2026-03-04T04:55:48Z] Compressing package 'github.com/ethpandaops/ethereum-package' at './ethereum-package' for upload 
[36mINFO[0m[2026-03-04T04:55:49Z] [BENCH] package compression completed in 322.759315ms (size=9715768 bytes) 
[36mINFO[0m[2026-03-04T04:55:49Z] Uploading and executing package 'github.com/ethpandaops/ethereum-package' 
[36mINFO[0m[2026-03-04T04:55:49Z] [BENCH] package stream upload completed in 139.639631ms 
[36mINFO[0m[2026-03-04T04:55:49Z] [BENCH] uploadStarlarkPackage total completed in 462.553504ms 
[36mINFO[0m[2026-03-04T04:55:49Z] [BENCH] client-side uploadStarlarkPackage completed in 462.586736ms 
[36mINFO[0m[2026-03-04T04:55:49Z] [BENCH] execute call (upload+start stream) completed in 463.241921ms 
[36mINFO[0m[2026-03-04T04:55:49Z] Kurtosis CLI is running in a non interactive terminal. Everything will work but progress information and the progress bar will not be displayed. 

Container images used in this run:
> docker.ethquokkaops.io/dh/ethereum/client-go:latest - locally cached
> docker.ethquokkaops.io/dh/ethpandaops/ethereum-genesis-generator:5.3.0 - locally cached
> docker.ethquokkaops.io/dh/ethpandaops/teku:master - locally cached
> badouralix/curl-jq - locally cached
> docker.ethquokkaops.io/dh/ethpandaops/dora:latest - locally cached
> docker.ethquokkaops.io/dh/protolambda/eth2-val-tools:latest - locally cached
> docker.ethquokkaops.io/dh/ethpandaops/spamoor:latest - locally cached

Printing a message
Sanity check passed

Printing a message
Docker cache is enabled, overriding image urls

Printing a message
Using local tooling image instead of docker cache for mev_params.mock_mev_image

Printing a message
BPO 1 epoch adjusted to Fulu epoch 18446744073709551615

Fetching cluster type 'docker'
Fetched cluster type 'docker'

Uploading file '/static_files/jwt/jwtsecret' to files artifact 'jwt_file'
Files with artifact name 'jwt_file' uploaded with artifact UUID '6d459d2caa4e47f9ab78f11cd8dff341'

Uploading file '/static_files/keymanager/keymanager.txt' to files artifact 'keymanager_file'
Files with artifact name 'keymanager_file' uploaded with artifact UUID 'fe3242827233449fb3b7acee21bc6813'

Printing a message
Read the prometheus, grafana templates

Printing a message
Launching participant network with 1 participants and the following network params struct(additional_mnemonics = [], additional_preloaded_contracts = {}, aggregate_due_bps_gloas = 5000, altair_fork_epoch = 0, attestation_due_bps_gloas = 2500, base_fee_update_fraction_electra = 5007716, bellatrix_fork_epoch = 0, bpo_1_base_fee_update_fraction = 8346193, bpo_1_epoch = 18446744073709551615, bpo_1_max_blobs = 15, bpo_1_target_blobs = 10, bpo_2_base_fee_update_fraction = 11684671, bpo_2_epoch = 18446744073709551615, bpo_2_max_blobs = 21, bpo_2_target_blobs = 14, bpo_3_base_fee_update_fraction = 0, bpo_3_epoch = 18446744073709551615, bpo_3_max_blobs = 0, bpo_3_target_blobs = 0, bpo_4_base_fee_update_fraction = 0, bpo_4_epoch = 18446744073709551615, bpo_4_max_blobs = 0, bpo_4_target_blobs = 0, bpo_5_base_fee_update_fraction = 0, bpo_5_epoch = 18446744073709551615, bpo_5_max_blobs = 0, bpo_5_target_blobs = 0, capella_fork_epoch = 0, churn_limit_quotient = 32, contribution_due_bps_gloas = 5000, custody_requirement = 4, data_column_sidecar_subnet_count = 128, deneb_fork_epoch = 0, deposit_contract_address = "0x00000000219ab540356cBB839Cbe05303d7705Fa", devnet_repo = "ethpandaops", eip7441_fork_epoch = 18446744073709551615, ejection_balance = 16000000000, electra_fork_epoch = 0, eth1_follow_distance = 16, force_snapshot_sync = False, fulu_fork_epoch = 18446744073709551615, gas_limit = 0, genesis_delay = 5, genesis_gaslimit = 60000000, genesis_time = 0, gloas_fork_epoch = 18446744073709551615, heze_fork_epoch = 18446744073709551615, inclusion_list_submission_due_bps = 6667, max_blobs_per_block_electra = 9, max_payload_size = 10485760, max_per_epoch_activation_churn_limit = 4, max_request_blob_sidecars_electra = 1152, max_request_blocks_deneb = 128, min_builder_withdrawability_delay = 8, min_epochs_for_block_requests = 272, min_epochs_for_data_column_sidecars_requests = 4096, min_validator_withdrawability_delay = 256, network = "kurtosis", network_id = "3151908", network_sync_base_url = "https://snapshots.ethpandaops.io/", num_validator_keys_per_node = 128, payload_attestation_due_bps = 7500, perfect_peerdas_enabled = False, prefunded_accounts = {}, preregistered_validator_count = 0, preregistered_validator_keys_mnemonic = "giant issue aisle success illegal bike spike question tent bar rely arctic volcano long crawl hungry vocal artwork sniff fantasy very lucky have athlete", preset = "minimal", proposer_inclusion_list_cutoff_bps = 9167, samples_per_slot = 8, seconds_per_slot = 6, shadowfork_block_height = "latest", shard_committee_period = 64, slot_duration_ms = 6000, sync_message_due_bps_gloas = 2500, target_blobs_per_block_electra = 6, validator_balance = 32, view_freeze_cutoff_bps = 7500, withdrawal_address = "0x8943545177806ED17B9F23F0a21ee5948eCaa776", withdrawal_type = "0x00")

Printing a message
Generating cl validator key stores

Adding '1' services with names 'validator-key-generation-cl-validator-keystore-0'
Successfully added the following '1' services:
  Service 'validator-key-generation-cl-validator-keystore-0' added with UUID 'b0d7c4ba16dc47849aa889cb4b5a233a'

Generating keystore for participant 0
Command returned with exit code '0' with no output

Waiting for at most '5m0s' for service 'validator-key-generation-cl-validator-keystore-0' to reach a certain state
Wait took 1 tries (41.638089ms in total). Assertion passed with following:
Command returned with exit code '0' and the following output:
--------------------
/tmp/keystores_generated-0-128

--------------------

Storing files from service 'validator-key-generation-cl-validator-keystore-0' at path '/node-0-keystores/' to files artifact with name '1-teku-geth-0-127'
Files with artifact name '1-teku-geth-0-127' uploaded with artifact UUID '167cdac196fe43b083f00cffc41eacd9'

Storing prysm password in a file
Command returned with exit code '0' with no output

Verifying whether two values meet a certain condition '=='
Verification succeeded. Value is '0'.

Storing files from service 'validator-key-generation-cl-validator-keystore-0' at path '/tmp/prysm-password.txt' to files artifact with name 'prysm-password'
Files with artifact name 'prysm-password' uploaded with artifact UUID '4007fd23bea24a83b2cba457c3b5a1c5'

Printing a message
{
	"per_node_keystores": [
		{
			"files_artifact_uuid": "1-teku-geth-0-127",
			"nimbus_keys_relative_dirpath": "/nimbus-keys",
			"prysm_relative_dirpath": "/prysm",
			"raw_keys_relative_dirpath": "/keys",
			"raw_root_dirpath": "",
			"raw_secrets_relative_dirpath": "/secrets",
			"teku_keys_relative_dirpath": "/teku-keys",
			"teku_secrets_relative_dirpath": "/teku-secrets"
		}
	],
	"prysm_password_artifact_uuid": "prysm-password",
	"prysm_password_relative_filepath": "prysm-password.txt"
}

Getting final genesis timestamp
Command returned with exit code '0' and the following output: 1772600168

Printing a message
Generating EL CL data

Rendering a template to a files artifact with name 'genesis-el-cl-env-file'
Templates artifact name 'genesis-el-cl-env-file' rendered with artifact UUID '5baa33a40ee54c24a828bfd0e4a3bcfc'

Creating genesis
Command returned with exit code '0' and the following output:
--------------------
+ '[' -f /data/metadata/genesis.json ']'
+ mkdir -p /data/metadata
+ source /apps/el-gen/generate_genesis.sh
+ generate_genesis /data/metadata
+ set +x
Adding bellatrix genesis properties
Adding capella genesis properties
Adding deneb genesis properties
Adding electra genesis properties
Adding precompile allocations...
Adding system contracts
  deposit contract:	0x00000000219ab540356cBB839Cbe05303d7705Fa
  adding allocation for 0x00000000219ab540356cBB839Cbe05303d7705Fa
  EIP-4788 contract:	0x000F3df6D732807Ef1319fB7B8bB8522d0Beac02
  adding allocation for 0x000F3df6D732807Ef1319fB7B8bB8522d0Beac02
  EIP-2935 contract:	0x0000F90827F1C53a10cb7A02335B175320002935
  adding allocation for 0x0000F90827F1C53a10cb7A02335B175320002935
  EIP-7002 contract:	0x00000961Ef480Eb55e80D19ad83579A64c007002
  adding allocation for 0x00000961Ef480Eb55e80D19ad83579A64c007002
  EIP-7251 contract:	0x0000BBdDc7CE488642fb579F8B00f3a590007251
  adding allocation for 0x0000BBdDc7CE488642fb579F8B00f3a590007251
Generating 21 premine accounts...
Adding premine wallets from mnemonic...
  adding allocation for 0x8943545177806ED17B9F23F0a21ee5948eCaa776
  adding allocation for 0xE25583099BA105D9ec0A67f5Ae86D90e50036425
  adding allocation for 0x614561D2d143621E126e87831AEF287678B442b8
  adding allocation for 0xf93Ee4Cf8c6c40b329b0c0626F28333c132CF241
  adding allocation for 0x802dCbE1B1A97554B4F50DB5119E37E8e7336417
  adding allocation for 0xAe95d8DA9244C37CaC0a3e16BA966a8e852Bb6D6
  adding allocation for 0x2c57d1CFC6d5f8E4182a56b4cf75421472eBAEa4
  adding allocation for 0x741bFE4802cE1C4b5b00F9Df2F5f179A1C89171A
  adding allocation for 0xc3913d4D8bAb4914328651C2EAE817C8b78E1f4c
  adding allocation for 0x65D08a056c17Ae13370565B04cF77D2AfA1cB9FA
  adding allocation for 0x3e95dFbBaF6B348396E6674C7871546dCC568e56
  adding allocation for 0x5918b2e647464d4743601a865753e64C8059Dc4F
  adding allocation for 0x589A698b7b7dA0Bec545177D3963A2741105C7C9
  adding allocation for 0x4d1CB4eB7969f8806E2CaAc0cbbB71f88C8ec413
  adding allocation for 0xF5504cE2BcC52614F121aff9b93b2001d92715CA
  adding allocation for 0xF61E98E7D47aB884C244E39E031978E33162ff4b
  adding allocation for 0xf1424826861ffbbD25405F5145B5E50d0F1bFc90
  adding allocation for 0xfDCe42116f541fc8f7b0776e2B30832bD5621C85
  adding allocation for 0xD9211042f35968820A3407ac3d80C725f8F75c14
  adding allocation for 0xD8F3183DEF51A987222D845be228e0Bbb932C222
  adding allocation for 0xafF0CA253b97e54440965855cec0A8a2E2399896
Adding static premine wallets...
Additional contracts file: /opt/additional-contracts.json
Adding additional contracts...
Applying allocations to genesis files...
+ '[' -f /data/metadata/genesis.ssz ']'
++ mktemp -d -t ci-XXXXXXXXXX
+ tmp_dir=/tmp/ci-vxvoCDITsA
+ mkdir -p /data/metadata
+ mkdir -p /data/parsed
++ date -u -d @1772600168 '+%Y-%b-%d %I:%M:%S %p %Z'
+ HUMAN_READABLE_TIMESTAMP='2026-Mar-04 04:56:08 AM UTC'
+ COMMENT='# 2026-Mar-04 04:56:08 AM UTC'
+ export MAX_REQUEST_BLOB_SIDECARS_ELECTRA=1152
+ MAX_REQUEST_BLOB_SIDECARS_ELECTRA=1152
+ cat /config/cl/config.yaml
+ sed '/^BLOB_SCHEDULE:/,/^[a-zA-Z]/ d'
+ sed 's/#HUMAN_TIME_PLACEHOLDER/# 2026-Mar-04 04:56:08 AM UTC/'
+ envsubst
+ add_blob_schedule /data/metadata/config.yaml
+ local config_file=/data/metadata/config.yaml
+ INCLUDE_SCHEDULE=false
+ BLOB_SCHEDULE=
+ DEFAULT_BPO_EPOCH=18446744073709551615
+ for i in {1..5}
+ var_epoch=BPO_1_EPOCH
+ var_blobs=BPO_1_MAX_BLOBS
+ var_next_epoch=BPO_2_EPOCH
+ '[' -n 18446744073709551615 ']'
+ '[' 18446744073709551615 '!=' 18446744073709551615 ']'
+ for i in {1..5}
+ var_epoch=BPO_2_EPOCH
+ var_blobs=BPO_2_MAX_BLOBS
+ var_next_epoch=BPO_3_EPOCH
+ '[' -n 18446744073709551615 ']'
+ '[' 18446744073709551615 '!=' 18446744073709551615 ']'
+ for i in {1..5}
+ var_epoch=BPO_3_EPOCH
+ var_blobs=BPO_3_MAX_BLOBS
+ var_next_epoch=BPO_4_EPOCH
+ '[' -n 18446744073709551615 ']'
+ '[' 18446744073709551615 '!=' 18446744073709551615 ']'
+ for i in {1..5}
+ var_epoch=BPO_4_EPOCH
+ var_blobs=BPO_4_MAX_BLOBS
+ var_next_epoch=BPO_5_EPOCH
+ '[' -n 18446744073709551615 ']'
+ '[' 18446744073709551615 '!=' 18446744073709551615 ']'
+ for i in {1..5}
+ var_epoch=BPO_5_EPOCH
+ var_blobs=BPO_5_MAX_BLOBS
+ var_next_epoch=BPO_6_EPOCH
+ '[' -n 18446744073709551615 ']'
+ '[' 18446744073709551615 '!=' 18446744073709551615 ']'
+ '[' false = true ']'
+ echo '
BLOB_SCHEDULE: []'
+ '[' 0x00 == 0x00 ']'
+ export WITHDRAWAL_ADDRESS=null
+ WITHDRAWAL_ADDRESS=null
+ envsubst
+ '[' -n '[]' ']'
+ '[' '[]' '!=' '[]' ']'
+ [[ minimal == \m\i\n\i\m\a\l ]]
+ gen_minimal_config
+ replacements=(['MIN_PER_EPOCH_CHURN_LIMIT']='2' ['MIN_PER_EPOCH_CHURN_LIMIT_ELECTRA']='64000000000' ['MAX_PER_EPOCH_ACTIVATION_EXIT_CHURN_LIMIT']='128000000000' ['EPOCHS_PER_SHUFFLING_PHASE']='4' ['PROPOSER_SELECTION_GAP']='1' ['MIN_BUILDER_WITHDRAWABILITY_DELAY']='8')
+ declare -A replacements
+ for key in "${!replacements[@]}"
+ sed -i 's/MIN_BUILDER_WITHDRAWABILITY_DELAY:.*/MIN_BUILDER_WITHDRAWABILITY_DELAY: 8/' /data/metadata/config.yaml
+ for key in "${!replacements[@]}"
+ sed -i 's/EPOCHS_PER_SHUFFLING_PHASE:.*/EPOCHS_PER_SHUFFLING_PHASE: 4/' /data/metadata/config.yaml
+ for key in "${!replacements[@]}"
+ sed -i 's/MAX_PER_EPOCH_ACTIVATION_EXIT_CHURN_LIMIT:.*/MAX_PER_EPOCH_ACTIVATION_EXIT_CHURN_LIMIT: 128000000000/' /data/metadata/config.yaml
+ for key in "${!replacements[@]}"
+ sed -i 's/PROPOSER_SELECTION_GAP:.*/PROPOSER_SELECTION_GAP: 1/' /data/metadata/config.yaml
+ for key in "${!replacements[@]}"
+ sed -i 's/MIN_PER_EPOCH_CHURN_LIMIT:.*/MIN_PER_EPOCH_CHURN_LIMIT: 2/' /data/metadata/config.yaml
+ for key in "${!replacements[@]}"
+ sed -i 's/MIN_PER_EPOCH_CHURN_LIMIT_ELECTRA:.*/MIN_PER_EPOCH_CHURN_LIMIT_ELECTRA: 64000000000/' /data/metadata/config.yaml
+ cp /tmp/ci-vxvoCDITsA/mnemonics.yaml /data/metadata/mnemonics.yaml
+ grep DEPOSIT_CONTRACT_ADDRESS /data/metadata/config.yaml
+ cut -d ' ' -f2
+ echo 0
+ echo enr:-Iq4QJk4WqRkjsX5c2CXtOra6HnxN-BMXnWhmhEQO9Bn9iABTJGdjUOurM7Btj1ouKaFkvTRoju5vz2GPmVON2dffQKGAX53x8JigmlkgnY0gmlwhLKAlv6Jc2VjcDI1NmsxoQK6S-Cii_KmfFdUJL2TANL3ksaKUnNXvTCv1tLwXs0QgIN1ZHCCIyk
+ genesis_args+=(beaconchain --config /data/metadata/config.yaml --eth1-config /data/metadata/genesis.json --mnemonics $tmp_dir/mnemonics.yaml --state-output /data/metadata/genesis.ssz --json-output /data/parsed/parsedConsensusGenesis.json)
+ [[ '' != '' ]]
+ [[ '' != '' ]]
+ '[' -z '' ']'
+ /usr/local/bin/eth-genesis-state-generator beaconchain --config /data/metadata/config.yaml --eth1-config /data/metadata/genesis.json --mnemonics /tmp/ci-vxvoCDITsA/mnemonics.yaml --state-output /data/metadata/genesis.ssz --json-output /data/parsed/parsedConsensusGenesis.json
time="2026-03-04T04:55:55Z" level=info msg="eth-beacon-genesis version: git-201b86f"
time="2026-03-04T04:55:55Z" level=info msg="loaded execution genesis. chainid: 3151908"
time="2026-03-04T04:55:55Z" level=info msg="loaded consensus config. genesis fork version: 0x10000038"
time="2026-03-04T04:55:55Z" level=info msg="processing mnemonic 0, for 128 validators"
time="2026-03-04T04:55:55Z" level=info msg="...validator 100/128"
time="2026-03-04T04:55:55Z" level=info msg="loaded 128 validators. total balance: 4096 ETH"
time="2026-03-04T04:55:55Z" level=info msg="genesis version: electra"
time="2026-03-04T04:55:55Z" level=info msg="genesis time: 1772600168"
time="2026-03-04T04:55:55Z" level=info msg="genesis validators root: 0xd1ec305b97bf6336571c2348e4a8bf173684b0cdb7e55f7e6554d51f8478b5a3"
time="2026-03-04T04:55:55Z" level=info msg="successfully built genesis state."
time="2026-03-04T04:55:55Z" level=info msg="serialized genesis state to SSZ file: /data/metadata/genesis.ssz"
serialized genesis state to JSON file: /data/parsed/parsedConsensusGenesis.json
+ echo 'Genesis args: beaconchain' --config /data/metadata/config.yaml --eth1-config /data/metadata/genesis.json --mnemonics /tmp/ci-vxvoCDITsA/mnemonics.yaml --state-output /data/metadata/genesis.ssz --json-output /data/parsed/parsedConsensusGenesis.json
Genesis args: beaconchain --config /data/metadata/config.yaml --eth1-config /data/metadata/genesis.json --mnemonics /tmp/ci-vxvoCDITsA/mnemonics.yaml --state-output /data/metadata/genesis.ssz --json-output /data/parsed/parsedConsensusGenesis.json
++ jq -r .latest_execution_payload_header.block_number /data/parsed/parsedConsensusGenesis.json
+ echo 'Genesis block number: 0'
Genesis block number: 0
++ jq -r .latest_execution_payload_header.block_hash /data/parsed/parsedConsensusGenesis.json
+ echo 'Genesis block hash: 0x041d7b72992ecde1f7d176665ca1198835053ddf21b76a2357d8febe5e00a522'
Genesis block hash: 0x041d7b72992ecde1f7d176665ca1198835053ddf21b76a2357d8febe5e00a522
+ jq -r .eth1_data.block_hash /data/parsed/parsedConsensusGenesis.json
+ tr -d '\n'
+ jq -r .genesis_validators_root /data/parsed/parsedConsensusGenesis.json
+ tr -d '\n'
+ gen_shared_files
+ set -x
+ mkdir -p /data/metadata
+ '[' -f /data/jwt/jwtsecret ']'
+ mkdir -p /data/jwt
++ openssl rand -hex 32
++ tr -d '\n'
+ echo -n 0x699452f5e017ccdab07c60b6946b24d66a22b4c04595b6d19984c157304e7b5b
+ '[' -f /data/metadata/genesis.json ']'
++ cat /data/metadata/genesis.json
++ jq -r '.config.terminalTotalDifficulty | tostring'
+ terminalTotalDifficulty=0
+ sed -i 's/TERMINAL_TOTAL_DIFFICULTY:.*/TERMINAL_TOTAL_DIFFICULTY: 0/' /data/metadata/config.yaml
+ '[' false = true ']'

--------------------

Reading genesis validators root
Command returned with exit code '0' and the following output: 0xd1ec305b97bf6336571c2348e4a8bf173684b0cdb7e55f7e6554d51f8478b5a3

Reading osaka time from genesis
Command returned with exit code '0' and the following output: null

Adding service with name 'el-1-geth-teku' and image 'docker.ethquokkaops.io/dh/ethereum/client-go:latest'
Service 'el-1-geth-teku' added with service UUID '132d383878da4129b8f1f4251d794187'

Waiting for at most '30m0s' for service 'el-1-geth-teku' to reach a certain state
Wait took 1 tries (9.247495ms in total). Assertion passed with following:
Request had response code '200' and body "{\"jsonrpc\":\"2.0\",\"id\":1,\"result\":{\"id\":\"77445a0d58492e664e86c0e931f9184bd1b6b115b94fe6229c9a1d9c1a91039a\",\"name\":\"Geth/v1.17.2-unstable-4f75049e-20260304/linux-amd64/go1.26.0\",\"enode\":\"enode://3642ea41fdd0c8db1bb33de0b86563f9108714a54c44926673042780130beaec63725020203fa78c997c971cd530f986757a6ce62b86fca2bf623b3295e567e9@172.16.0.10:30303\",\"enr\":\"enr:-KO4QEuJ4GAa_rnwtpwx4UyOCKCYVQO_AM-Xkw585tz7W12zLsApXcESjOLCgOyCySh3oJlGmneieVUZs0Up7IhE7MGGAZy3M-Tsg2V0aMfGhL8D6_6AgmlkgnY0gmlwhKwQAAqJc2VjcDI1NmsxoQM2QupB_dDI2xuzPeC4ZWP5EIcUpUxEkmZzBCeAEwvq7IRzbmFwwIN0Y3CCdl-DdWRwgnZf\",\"ip\":\"172.16.0.10\",\"ports\":{\"discovery\":30303,\"listener\":30303},\"listenAddr\":\"[::]:30303\",\"protocols\":{\"eth\":{\"network\":3151908,\"genesis\":\"0x041d7b72992ecde1f7d176665ca1198835053ddf21b76a2357d8febe5e00a522\",\"config\":{\"chainId\":3151908,\"homesteadBlock\":0,\"eip150Block\":0,\"eip155Block\":0,\"eip158Block\":0,\"byzantiumBlock\":0,\"constantinopleBlock\":0,\"petersburgBlock\":0,\"istanbulBlock\":0,\"berlinBlock\":0,\"londonBlock\":0,\"mergeNetsplitBlock\":0,\"shanghaiTime\":0,\"cancunTime\":0,\"pragueTime\":0,\"terminalTotalDifficulty\":0,\"depositContractAddress\":\"0x00000000219ab540356cbb839cbe05303d7705fa\",\"blobSchedule\":{\"cancun\":{\"target\":3,\"max\":6,\"baseFeeUpdateFraction\":3338477},\"prague\":{\"target\":6,\"max\":9,\"baseFeeUpdateFraction\":5007716}}},\"head\":\"0x041d7b72992ecde1f7d176665ca1198835053ddf21b76a2357d8febe5e00a522\"},\"snap\":{}}}}\n", with extracted fields:
'extract.enode': "enode://3642ea41fdd0c8db1bb33de0b86563f9108714a54c44926673042780130beaec63725020203fa78c997c971cd530f986757a6ce62b86fca2bf623b3295e567e9@172.16.0.10:30303"
'extract.enr': "enr:-KO4QEuJ4GAa_rnwtpwx4UyOCKCYVQO_AM-Xkw585tz7W12zLsApXcESjOLCgOyCySh3oJlGmneieVUZs0Up7IhE7MGGAZy3M-Tsg2V0aMfGhL8D6_6AgmlkgnY0gmlwhKwQAAqJc2VjcDI1NmsxoQM2QupB_dDI2xuzPeC4ZWP5EIcUpUxEkmZzBCeAEwvq7IRzbmFwwIN0Y3CCdl-DdWRwgnZf"

Printing a message
Successfully added 1 EL participants

Printing a message
Launching CL network

Adding service with name 'cl-1-teku-geth' and image 'docker.ethquokkaops.io/dh/ethpandaops/teku:master'
Service 'cl-1-teku-geth' added with service UUID 'ee9c635d875047b3a46c0937455ee666'

Running 'GET' request on service 'cl-1-teku-geth'
Request had response code '200' and body "{\"data\":{\"peer_id\":\"16Uiu2HAmVKcwWeDnwD3cJnBqkE6niyM5ZKPocyHErgKqqkgdAJqi\",\"enr\":\"enr:-LK4QDQz7euf3pHyedeeJz4aMm8_R6F_940KLgKAL7gCAzNQbrxzDmN4zH9dJ2ZZnwJqc_dwx5CYVpTIn62kgEK7FIwEh2F0dG5ldHOIAAAAAGAAAACEZXRoMpDRHCV2YAAAOP__________gmlkgnY0gmlwhKwQAAuJc2VjcDI1NmsxoQP3oG8d7nmiCy9Z5S4jkTkKNvOwXHONjqCgerWeJh5UNYN0Y3CCIyiDdWRwgiMo\",\"p2p_addresses\":[\"/ip4/172.16.0.11/tcp/9000/p2p/16Uiu2HAmVKcwWeDnwD3cJnBqkE6niyM5ZKPocyHErgKqqkgdAJqi\"],\"discovery_addresses\":[\"/ip4/172.16.0.11/udp/9000/p2p/16Uiu2HAmVKcwWeDnwD3cJnBqkE6niyM5ZKPocyHErgKqqkgdAJqi\"],\"metadata\":{\"seq_number\":\"1\",\"attnets\":\"0x0000000060000000\",\"syncnets\":\"0x00\"}}}", with extracted fields:
'extract.multiaddr': "/ip4/172.16.0.11/tcp/9000/p2p/16Uiu2HAmVKcwWeDnwD3cJnBqkE6niyM5ZKPocyHErgKqqkgdAJqi"
'extract.peer_id': "16Uiu2HAmVKcwWeDnwD3cJnBqkE6niyM5ZKPocyHErgKqqkgdAJqi"
'extract.enr': "enr:-LK4QDQz7euf3pHyedeeJz4aMm8_R6F_940KLgKAL7gCAzNQbrxzDmN4zH9dJ2ZZnwJqc_dwx5CYVpTIn62kgEK7FIwEh2F0dG5ldHOIAAAAAGAAAACEZXRoMpDRHCV2YAAAOP__________gmlkgnY0gmlwhKwQAAuJc2VjcDI1NmsxoQP3oG8d7nmiCy9Z5S4jkTkKNvOwXHONjqCgerWeJh5UNYN0Y3CCIyiDdWRwgiMo"

Printing a message
Successfully added 1 CL participants

Printing a message
Start adding validators for participant #1

Printing a message
NODE JSON RPC URI: 'el-1-geth-teku:8545'

Rendering a template to a files artifact with name 'validator-ranges'
Templates artifact name 'validator-ranges' rendered with artifact UUID 'b5ba83b47a254c1da36d493be521c07c'

Printing a message
Launching dora

Rendering a template to a files artifact with name 'dora-config'
Templates artifact name 'dora-config' rendered with artifact UUID '9373228d64314c56b607021a58178414'

Adding service with name 'dora' and image 'docker.ethquokkaops.io/dh/ethpandaops/dora:latest'
Service 'dora' added with service UUID '59a47a3e7c4f4c5a8da2550226b43340'

Printing a message
Successfully launched dora

Printing a message
Launching spamoor

Rendering a template to a files artifact with name 'spamoor-config'
Templates artifact name 'spamoor-config' rendered with artifact UUID '8a44a51ed97848ef8f799c9d4f532c23'

Adding service with name 'spamoor' and image 'docker.ethquokkaops.io/dh/ethpandaops/spamoor:latest'
Service 'spamoor' added with service UUID '5198f13636034c3890ea011860b773f1'

Printing a message
Successfully launched spamoor

Starlark code successfully run. Output was:
{
	"all_participants": [
		{
			"cl_context": {
				"beacon_grpc_url": "",
				"beacon_http_url": "http://cl-1-teku-geth:4000",
				"beacon_service_name": "cl-1-teku-geth",
				"cl_nodes_metrics_info": [
					{
						"config": {
							"labels": null,
							"scrape_interval": "15s"
						},
						"name": "cl-1-teku-geth",
						"path": "/metrics",
						"url": "cl-1-teku-geth:8008"
					}
				],
				"client_name": "teku",
				"enr": "enr:-LK4QDQz7euf3pHyedeeJz4aMm8_R6F_940KLgKAL7gCAzNQbrxzDmN4zH9dJ2ZZnwJqc_dwx5CYVpTIn62kgEK7FIwEh2F0dG5ldHOIAAAAAGAAAACEZXRoMpDRHCV2YAAAOP__________gmlkgnY0gmlwhKwQAAuJc2VjcDI1NmsxoQP3oG8d7nmiCy9Z5S4jkTkKNvOwXHONjqCgerWeJh5UNYN0Y3CCIyiDdWRwgiMo",
				"http_port": 4000,
				"ip_addr": "cl-1-teku-geth",
				"ip_address": "",
				"multiaddr": "/ip4/172.16.0.11/tcp/9000/p2p/16Uiu2HAmVKcwWeDnwD3cJnBqkE6niyM5ZKPocyHErgKqqkgdAJqi",
				"peer_id": "16Uiu2HAmVKcwWeDnwD3cJnBqkE6niyM5ZKPocyHErgKqqkgdAJqi",
				"snooper_el_engine_context": null,
				"snooper_enabled": false,
				"supernode": false,
				"validator_keystore_files_artifact_uuid": "1-teku-geth-0-127"
			},
			"cl_type": "teku",
			"el_context": {
				"client_name": "geth",
				"dns_name": "el-1-geth-teku",
				"el_metrics_info": [
					{
						"config": {
							"labels": null,
							"scrape_interval": "15s"
						},
						"name": "el-1-geth-teku",
						"path": "/debug/metrics/prometheus",
						"url": "el-1-geth-teku:9001"
					}
				],
				"engine_rpc_port_num": 8551,
				"enode": "enode://3642ea41fdd0c8db1bb33de0b86563f9108714a54c44926673042780130beaec63725020203fa78c997c971cd530f986757a6ce62b86fca2bf623b3295e567e9@172.16.0.10:30303",
				"enr": "enr:-KO4QEuJ4GAa_rnwtpwx4UyOCKCYVQO_AM-Xkw585tz7W12zLsApXcESjOLCgOyCySh3oJlGmneieVUZs0Up7IhE7MGGAZy3M-Tsg2V0aMfGhL8D6_6AgmlkgnY0gmlwhKwQAAqJc2VjcDI1NmsxoQM2QupB_dDI2xuzPeC4ZWP5EIcUpUxEkmZzBCeAEwvq7IRzbmFwwIN0Y3CCdl-DdWRwgnZf",
				"ip_addr": "172.16.0.10",
				"rpc_http_url": "http://el-1-geth-teku:8545",
				"rpc_port_num": 8545,
				"service_name": "el-1-geth-teku",
				"ws_port_num": 8546,
				"ws_url": "ws://el-1-geth-teku:8546"
			},
			"el_type": "geth",
			"ethereum_metrics_exporter_context": null,
			"remote_signer_context": null,
			"remote_signer_type": "web3signer",
			"snooper_beacon_context": null,
			"snooper_el_engine_context": null,
			"snooper_el_rpc_context": null,
			"vc_context": null,
			"vc_type": "teku",
			"xatu_sentry_context": null
		}
	],
	"blockscout_sc_verif_url": null,
	"final_genesis_timestamp": "1772600168",
	"genesis_validators_root": "0xd1ec305b97bf6336571c2348e4a8bf173684b0cdb7e55f7e6554d51f8478b5a3",
	"grafana_info": {
		"dashboard_path": "/d/QdTOwy-nz/eth2-merge-kurtosis-module-dashboard?orgId=1",
		"password": "admin",
		"user": "admin"
	},
	"network_id": "3151908",
	"network_params": {
		"additional_mnemonics": [],
		"additional_preloaded_contracts": {},
		"aggregate_due_bps_gloas": 5000,
		"altair_fork_epoch": 0,
		"attestation_due_bps_gloas": 2500,
		"base_fee_update_fraction_electra": 5007716,
		"bellatrix_fork_epoch": 0,
		"bpo_1_base_fee_update_fraction": 8346193,
		"bpo_1_epoch": 18446744073709551615,
		"bpo_1_max_blobs": 15,
		"bpo_1_target_blobs": 10,
		"bpo_2_base_fee_update_fraction": 11684671,
		"bpo_2_epoch": 18446744073709551615,
		"bpo_2_max_blobs": 21,
		"bpo_2_target_blobs": 14,
		"bpo_3_base_fee_update_fraction": 0,
		"bpo_3_epoch": 18446744073709551615,
		"bpo_3_max_blobs": 0,
		"bpo_3_target_blobs": 0,
		"bpo_4_base_fee_update_fraction": 0,
		"bpo_4_epoch": 18446744073709551615,
		"bpo_4_max_blobs": 0,
		"bpo_4_target_blobs": 0,
		"bpo_5_base_fee_update_fraction": 0,
		"bpo_5_epoch": 18446744073709551615,
		"bpo_5_max_blobs": 0,
		"bpo_5_target_blobs": 0,
		"capella_fork_epoch": 0,
		"churn_limit_quotient": 32,
		"contribution_due_bps_gloas": 5000,
		"custody_requirement": 4,
		"data_column_sidecar_subnet_count": 128,
		"deneb_fork_epoch": 0,
		"deposit_contract_address": "0x00000000219ab540356cBB839Cbe05303d7705Fa",
		"devnet_repo": "ethpandaops",
		"eip7441_fork_epoch": 18446744073709551615,
		"ejection_balance": 16000000000,
		"electra_fork_epoch": 0,
		"eth1_follow_distance": 16,
		"force_snapshot_sync": false,
		"fulu_fork_epoch": 18446744073709551615,
		"gas_limit": 0,
		"genesis_delay": 5,
		"genesis_gaslimit": 60000000,
		"genesis_time": 0,
		"gloas_fork_epoch": 18446744073709551615,
		"heze_fork_epoch": 18446744073709551615,
		"inclusion_list_submission_due_bps": 6667,
		"max_blobs_per_block_electra": 9,
		"max_payload_size": 10485760,
		"max_per_epoch_activation_churn_limit": 4,
		"max_request_blob_sidecars_electra": 1152,
		"max_request_blocks_deneb": 128,
		"min_builder_withdrawability_delay": 8,
		"min_epochs_for_block_requests": 272,
		"min_epochs_for_data_column_sidecars_requests": 4096,
		"min_validator_withdrawability_delay": 256,
		"network": "kurtosis",
		"network_id": "3151908",
		"network_sync_base_url": "https://snapshots.ethpandaops.io/",
		"num_validator_keys_per_node": 128,
		"payload_attestation_due_bps": 7500,
		"perfect_peerdas_enabled": false,
		"prefunded_accounts": {},
		"preregistered_validator_count": 0,
		"preregistered_validator_keys_mnemonic": "giant issue aisle success illegal bike spike question tent bar rely arctic volcano long crawl hungry vocal artwork sniff fantasy very lucky have athlete",
		"preset": "minimal",
		"proposer_inclusion_list_cutoff_bps": 9167,
		"samples_per_slot": 8,
		"seconds_per_slot": 6,
		"shadowfork_block_height": "latest",
		"shard_committee_period": 64,
		"slot_duration_ms": 6000,
		"sync_message_due_bps_gloas": 2500,
		"target_blobs_per_block_electra": 6,
		"validator_balance": 32,
		"view_freeze_cutoff_bps": 7500,
		"withdrawal_address": "0x8943545177806ED17B9F23F0a21ee5948eCaa776",
		"withdrawal_type": "0x00"
	},
	"pre_funded_accounts": [
		{
			"address": "0x8943545177806ED17B9F23F0a21ee5948eCaa776",
			"private_key": "bcdf20249abf0ed6d944c0288fad489e33f66b3960d9e6229c1cd214ed3bbe31"
		},
		{
			"address": "0xE25583099BA105D9ec0A67f5Ae86D90e50036425",
			"private_key": "39725efee3fb28614de3bacaffe4cc4bd8c436257e2c8bb887c4b5c4be45e76d"
		},
		{
			"address": "0x614561D2d143621E126e87831AEF287678B442b8",
			"private_key": "53321db7c1e331d93a11a41d16f004d7ff63972ec8ec7c25db329728ceeb1710"
		},
		{
			"address": "0xf93Ee4Cf8c6c40b329b0c0626F28333c132CF241",
			"private_key": "ab63b23eb7941c1251757e24b3d2350d2bc05c3c388d06f8fe6feafefb1e8c70"
		},
		{
			"address": "0x802dCbE1B1A97554B4F50DB5119E37E8e7336417",
			"private_key": "5d2344259f42259f82d2c140aa66102ba89b57b4883ee441a8b312622bd42491"
		},
		{
			"address": "0xAe95d8DA9244C37CaC0a3e16BA966a8e852Bb6D6",
			"private_key": "27515f805127bebad2fb9b183508bdacb8c763da16f54e0678b16e8f28ef3fff"
		},
		{
			"address": "0x2c57d1CFC6d5f8E4182a56b4cf75421472eBAEa4",
			"private_key": "7ff1a4c1d57e5e784d327c4c7651e952350bc271f156afb3d00d20f5ef924856"
		},
		{
			"address": "0x741bFE4802cE1C4b5b00F9Df2F5f179A1C89171A",
			"private_key": "3a91003acaf4c21b3953d94fa4a6db694fa69e5242b2e37be05dd82761058899"
		},
		{
			"address": "0xc3913d4D8bAb4914328651C2EAE817C8b78E1f4c",
			"private_key": "bb1d0f125b4fb2bb173c318cdead45468474ca71474e2247776b2b4c0fa2d3f5"
		},
		{
			"address": "0x65D08a056c17Ae13370565B04cF77D2AfA1cB9FA",
			"private_key": "850643a0224065ecce3882673c21f56bcf6eef86274cc21cadff15930b59fc8c"
		},
		{
			"address": "0x3e95dFbBaF6B348396E6674C7871546dCC568e56",
			"private_key": "94eb3102993b41ec55c241060f47daa0f6372e2e3ad7e91612ae36c364042e44"
		},
		{
			"address": "0x5918b2e647464d4743601a865753e64C8059Dc4F",
			"private_key": "daf15504c22a352648a71ef2926334fe040ac1d5005019e09f6c979808024dc7"
		},
		{
			"address": "0x589A698b7b7dA0Bec545177D3963A2741105C7C9",
			"private_key": "eaba42282ad33c8ef2524f07277c03a776d98ae19f581990ce75becb7cfa1c23"
		},
		{
			"address": "0x4d1CB4eB7969f8806E2CaAc0cbbB71f88C8ec413",
			"private_key": "3fd98b5187bf6526734efaa644ffbb4e3670d66f5d0268ce0323ec09124bff61"
		},
		{
			"address": "0xF5504cE2BcC52614F121aff9b93b2001d92715CA",
			"private_key": "5288e2f440c7f0cb61a9be8afdeb4295f786383f96f5e35eb0c94ef103996b64"
		},
		{
			"address": "0xF61E98E7D47aB884C244E39E031978E33162ff4b",
			"private_key": "f296c7802555da2a5a662be70e078cbd38b44f96f8615ae529da41122ce8db05"
		},
		{
			"address": "0xf1424826861ffbbD25405F5145B5E50d0F1bFc90",
			"private_key": "bf3beef3bd999ba9f2451e06936f0423cd62b815c9233dd3bc90f7e02a1e8673"
		},
		{
			"address": "0xfDCe42116f541fc8f7b0776e2B30832bD5621C85",
			"private_key": "6ecadc396415970e91293726c3f5775225440ea0844ae5616135fd10d66b5954"
		},
		{
			"address": "0xD9211042f35968820A3407ac3d80C725f8F75c14",
			"private_key": "a492823c3e193d6c595f37a18e3c06650cf4c74558cc818b16130b293716106f"
		},
		{
			"address": "0xD8F3183DEF51A987222D845be228e0Bbb932C222",
			"private_key": "c5114526e042343c6d1899cad05e1c00ba588314de9b96929914ee0df18d46b2"
		},
		{
			"address": "0xafF0CA253b97e54440965855cec0A8a2E2399896",
			"private_key": "04b9f63ecf84210c5366c66d68fa1f5da1fa4f634fad6dfc86178e4d79ff9e59"
		}
	]
}

⭐ us on GitHub - https://github.com/kurtosis-tech/kurtosis
[36mINFO[0m[2026-03-04T04:56:21Z] [BENCH] starlark run stream completed in 32.781735629s (total wall clock: 35.542735095s) 
[36mINFO[0m[2026-03-04T04:56:21Z] ==================================================================== 
[36mINFO[0m[2026-03-04T04:56:21Z] ||          Created enclave: bench-baseline-single-local          || 
[36mINFO[0m[2026-03-04T04:56:21Z] ==================================================================== 
Name:            bench-baseline-single-local
UUID:            5c26ccda8d5c
Status:          RUNNING
Creation Time:   Wed, 04 Mar 2026 04:55:45 UTC
Flags:           

========================================= Files Artifacts =========================================
UUID           Name
167cdac196fe   1-teku-geth-0-127
9373228d6431   dora-config
99e0fb67679a   el_cl_genesis_data
19fd68cc1771   final-genesis-timestamp
5baa33a40ee5   genesis-el-cl-env-file
3fb007aaf867   genesis_validators_root
6d459d2caa4e   jwt_file
fe3242827233   keymanager_file
4007fd23bea2   prysm-password
8a44a51ed978   spamoor-config
b5ba83b47a25   validator-ranges

========================================== User Services ==========================================
UUID           Name                                               Ports                                         Status
ee9c635d8750   cl-1-teku-geth                                     http: 4000/tcp -> http://127.0.0.1:32774      RUNNING
                                                                  metrics: 8008/tcp -> http://127.0.0.1:32775   
                                                                  tcp-discovery: 9000/tcp -> 127.0.0.1:32776    
                                                                  udp-discovery: 9000/udp                       
59a47a3e7c4f   dora                                               http: 8080/tcp -> http://127.0.0.1:32777      RUNNING
132d383878da   el-1-geth-teku                                     engine-rpc: 8551/tcp -> 127.0.0.1:32771       RUNNING
                                                                  metrics: 9001/tcp -> http://127.0.0.1:32772   
                                                                  rpc: 8545/tcp -> 127.0.0.1:32769              
                                                                  tcp-discovery: 30303/tcp -> 127.0.0.1:32773   
                                                                  udp-discovery: 30303/udp                      
                                                                  ws: 8546/tcp -> 127.0.0.1:32770               
5198f1363603   spamoor                                            http: 8080/tcp -> http://127.0.0.1:32778      RUNNING
b0d7c4ba16dc   validator-key-generation-cl-validator-keystore-0   <none>                                        RUNNING

