[33mWARN[0m[2026-03-04T04:56:22Z] An error occurred getting the running engine's version; you may be running an out-of-date engine version 
[36mINFO[0m[2026-03-04T04:56:22Z] [BENCH] kurtosis run starting                
[33mWARN[0m[2026-03-04T04:56:22Z] We expected the running engine version to match format X.Y.Z, but instead got 'cf5198'; this means that we can't verify the API library and engine versions match so you may encounter runtime errors 
[36mINFO[0m[2026-03-04T04:56:22Z] [BENCH] engine connect completed in 1.238876ms 
[36mINFO[0m[2026-03-04T04:56:22Z] Creating a new enclave for Starlark to run inside... 
[36mINFO[0m[2026-03-04T04:56:23Z] Enclave 'bench-baseline-single-remote' created successfully 
[36mINFO[0m[2026-03-04T04:56:23Z] [BENCH] enclave creation completed in 814.199109ms 
[36mINFO[0m[2026-03-04T04:56:23Z] [BENCH] execute call (upload+start stream) completed in 1.327082ms 
[36mINFO[0m[2026-03-04T04:56:23Z] Kurtosis CLI is running in a non interactive terminal. Everything will work but progress information and the progress bar will not be displayed. 

Container images used in this run:
> docker.ethquokkaops.io/dh/ethpandaops/ethereum-genesis-generator:5.3.0 - locally cached
> docker.ethquokkaops.io/dh/ethpandaops/spamoor:latest - locally cached
> docker.ethquokkaops.io/dh/protolambda/eth2-val-tools:latest - locally cached
> badouralix/curl-jq - locally cached
> docker.ethquokkaops.io/dh/ethpandaops/teku:master - locally cached
> docker.ethquokkaops.io/dh/ethereum/client-go:latest - locally cached
> docker.ethquokkaops.io/dh/ethpandaops/dora:latest - locally cached

Printing a message
Sanity check passed

Printing a message
Docker cache is enabled, overriding image urls

Printing a message
Using local tooling image instead of docker cache for mev_params.mock_mev_image

Printing a message
BPO 1 epoch adjusted to Fulu epoch 18446744073709551615

Fetching cluster type 'docker'
Fetched cluster type 'docker'

Uploading file '/static_files/jwt/jwtsecret' to files artifact 'jwt_file'
Files with artifact name 'jwt_file' uploaded with artifact UUID 'c46a5a441aea4ac49c0fcd880a257a7f'

Uploading file '/static_files/keymanager/keymanager.txt' to files artifact 'keymanager_file'
Files with artifact name 'keymanager_file' uploaded with artifact UUID '9c4a7258c8834e01b419b638df9b8f05'

Printing a message
Read the prometheus, grafana templates

Printing a message
Launching participant network with 1 participants and the following network params struct(additional_mnemonics = [], additional_preloaded_contracts = {}, aggregate_due_bps_gloas = 5000, altair_fork_epoch = 0, attestation_due_bps_gloas = 2500, base_fee_update_fraction_electra = 5007716, bellatrix_fork_epoch = 0, bpo_1_base_fee_update_fraction = 8346193, bpo_1_epoch = 18446744073709551615, bpo_1_max_blobs = 15, bpo_1_target_blobs = 10, bpo_2_base_fee_update_fraction = 11684671, bpo_2_epoch = 18446744073709551615, bpo_2_max_blobs = 21, bpo_2_target_blobs = 14, bpo_3_base_fee_update_fraction = 0, bpo_3_epoch = 18446744073709551615, bpo_3_max_blobs = 0, bpo_3_target_blobs = 0, bpo_4_base_fee_update_fraction = 0, bpo_4_epoch = 18446744073709551615, bpo_4_max_blobs = 0, bpo_4_target_blobs = 0, bpo_5_base_fee_update_fraction = 0, bpo_5_epoch = 18446744073709551615, bpo_5_max_blobs = 0, bpo_5_target_blobs = 0, capella_fork_epoch = 0, churn_limit_quotient = 32, contribution_due_bps_gloas = 5000, custody_requirement = 4, data_column_sidecar_subnet_count = 128, deneb_fork_epoch = 0, deposit_contract_address = "0x00000000219ab540356cBB839Cbe05303d7705Fa", devnet_repo = "ethpandaops", eip7441_fork_epoch = 18446744073709551615, ejection_balance = 16000000000, electra_fork_epoch = 0, eth1_follow_distance = 16, force_snapshot_sync = False, fulu_fork_epoch = 18446744073709551615, gas_limit = 0, genesis_delay = 5, genesis_gaslimit = 60000000, genesis_time = 0, gloas_fork_epoch = 18446744073709551615, heze_fork_epoch = 18446744073709551615, inclusion_list_submission_due_bps = 6667, max_blobs_per_block_electra = 9, max_payload_size = 10485760, max_per_epoch_activation_churn_limit = 4, max_request_blob_sidecars_electra = 1152, max_request_blocks_deneb = 128, min_builder_withdrawability_delay = 8, min_epochs_for_block_requests = 272, min_epochs_for_data_column_sidecars_requests = 4096, min_validator_withdrawability_delay = 256, network = "kurtosis", network_id = "3151908", network_sync_base_url = "https://snapshots.ethpandaops.io/", num_validator_keys_per_node = 128, payload_attestation_due_bps = 7500, perfect_peerdas_enabled = False, prefunded_accounts = {}, preregistered_validator_count = 0, preregistered_validator_keys_mnemonic = "giant issue aisle success illegal bike spike question tent bar rely arctic volcano long crawl hungry vocal artwork sniff fantasy very lucky have athlete", preset = "minimal", proposer_inclusion_list_cutoff_bps = 9167, samples_per_slot = 8, seconds_per_slot = 6, shadowfork_block_height = "latest", shard_committee_period = 64, slot_duration_ms = 6000, sync_message_due_bps_gloas = 2500, target_blobs_per_block_electra = 6, validator_balance = 32, view_freeze_cutoff_bps = 7500, withdrawal_address = "0x8943545177806ED17B9F23F0a21ee5948eCaa776", withdrawal_type = "0x00")

Printing a message
Generating cl validator key stores

Adding '1' services with names 'validator-key-generation-cl-validator-keystore-0'
Successfully added the following '1' services:
  Service 'validator-key-generation-cl-validator-keystore-0' added with UUID 'af03c15c3b794b0a878d2159717fdc42'

Generating keystore for participant 0
Command returned with exit code '0' with no output

Waiting for at most '5m0s' for service 'validator-key-generation-cl-validator-keystore-0' to reach a certain state
Wait took 1 tries (43.804911ms in total). Assertion passed with following:
Command returned with exit code '0' and the following output:
--------------------
/tmp/keystores_generated-0-128

--------------------

Storing files from service 'validator-key-generation-cl-validator-keystore-0' at path '/node-0-keystores/' to files artifact with name '1-teku-geth-0-127'
Files with artifact name '1-teku-geth-0-127' uploaded with artifact UUID 'e0c3539995214fee8780110e77375e2c'

Storing prysm password in a file
Command returned with exit code '0' with no output

Verifying whether two values meet a certain condition '=='
Verification succeeded. Value is '0'.

Storing files from service 'validator-key-generation-cl-validator-keystore-0' at path '/tmp/prysm-password.txt' to files artifact with name 'prysm-password'
Files with artifact name 'prysm-password' uploaded with artifact UUID '6647b28d9e564a80821c5a5aad49b6d8'

Printing a message
{
	"per_node_keystores": [
		{
			"files_artifact_uuid": "1-teku-geth-0-127",
			"nimbus_keys_relative_dirpath": "/nimbus-keys",
			"prysm_relative_dirpath": "/prysm",
			"raw_keys_relative_dirpath": "/keys",
			"raw_root_dirpath": "",
			"raw_secrets_relative_dirpath": "/secrets",
			"teku_keys_relative_dirpath": "/teku-keys",
			"teku_secrets_relative_dirpath": "/teku-secrets"
		}
	],
	"prysm_password_artifact_uuid": "prysm-password",
	"prysm_password_relative_filepath": "prysm-password.txt"
}

Getting final genesis timestamp
Command returned with exit code '0' and the following output: 1772600203

Printing a message
Generating EL CL data

Rendering a template to a files artifact with name 'genesis-el-cl-env-file'
Templates artifact name 'genesis-el-cl-env-file' rendered with artifact UUID '8df069d58fc44e9da867ca0375a8c834'

Creating genesis
Command returned with exit code '0' and the following output:
--------------------
+ '[' -f /data/metadata/genesis.json ']'
+ mkdir -p /data/metadata
+ source /apps/el-gen/generate_genesis.sh
+ generate_genesis /data/metadata
+ set +x
Adding bellatrix genesis properties
Adding capella genesis properties
Adding deneb genesis properties
Adding electra genesis properties
Adding precompile allocations...
Adding system contracts
  deposit contract:	0x00000000219ab540356cBB839Cbe05303d7705Fa
  adding allocation for 0x00000000219ab540356cBB839Cbe05303d7705Fa
  EIP-4788 contract:	0x000F3df6D732807Ef1319fB7B8bB8522d0Beac02
  adding allocation for 0x000F3df6D732807Ef1319fB7B8bB8522d0Beac02
  EIP-2935 contract:	0x0000F90827F1C53a10cb7A02335B175320002935
  adding allocation for 0x0000F90827F1C53a10cb7A02335B175320002935
  EIP-7002 contract:	0x00000961Ef480Eb55e80D19ad83579A64c007002
  adding allocation for 0x00000961Ef480Eb55e80D19ad83579A64c007002
  EIP-7251 contract:	0x0000BBdDc7CE488642fb579F8B00f3a590007251
  adding allocation for 0x0000BBdDc7CE488642fb579F8B00f3a590007251
Generating 21 premine accounts...
Adding premine wallets from mnemonic...
  adding allocation for 0x8943545177806ED17B9F23F0a21ee5948eCaa776
  adding allocation for 0xE25583099BA105D9ec0A67f5Ae86D90e50036425
  adding allocation for 0x614561D2d143621E126e87831AEF287678B442b8
  adding allocation for 0xf93Ee4Cf8c6c40b329b0c0626F28333c132CF241
  adding allocation for 0x802dCbE1B1A97554B4F50DB5119E37E8e7336417
  adding allocation for 0xAe95d8DA9244C37CaC0a3e16BA966a8e852Bb6D6
  adding allocation for 0x2c57d1CFC6d5f8E4182a56b4cf75421472eBAEa4
  adding allocation for 0x741bFE4802cE1C4b5b00F9Df2F5f179A1C89171A
  adding allocation for 0xc3913d4D8bAb4914328651C2EAE817C8b78E1f4c
  adding allocation for 0x65D08a056c17Ae13370565B04cF77D2AfA1cB9FA
  adding allocation for 0x3e95dFbBaF6B348396E6674C7871546dCC568e56
  adding allocation for 0x5918b2e647464d4743601a865753e64C8059Dc4F
  adding allocation for 0x589A698b7b7dA0Bec545177D3963A2741105C7C9
  adding allocation for 0x4d1CB4eB7969f8806E2CaAc0cbbB71f88C8ec413
  adding allocation for 0xF5504cE2BcC52614F121aff9b93b2001d92715CA
  adding allocation for 0xF61E98E7D47aB884C244E39E031978E33162ff4b
  adding allocation for 0xf1424826861ffbbD25405F5145B5E50d0F1bFc90
  adding allocation for 0xfDCe42116f541fc8f7b0776e2B30832bD5621C85
  adding allocation for 0xD9211042f35968820A3407ac3d80C725f8F75c14
  adding allocation for 0xD8F3183DEF51A987222D845be228e0Bbb932C222
  adding allocation for 0xafF0CA253b97e54440965855cec0A8a2E2399896
Adding static premine wallets...
Additional contracts file: /opt/additional-contracts.json
Adding additional contracts...
Applying allocations to genesis files...
+ '[' -f /data/metadata/genesis.ssz ']'
++ mktemp -d -t ci-XXXXXXXXXX
+ tmp_dir=/tmp/ci-yFNDxBwZL1
+ mkdir -p /data/metadata
+ mkdir -p /data/parsed
++ date -u -d @1772600203 '+%Y-%b-%d %I:%M:%S %p %Z'
+ HUMAN_READABLE_TIMESTAMP='2026-Mar-04 04:56:43 AM UTC'
+ COMMENT='# 2026-Mar-04 04:56:43 AM UTC'
+ export MAX_REQUEST_BLOB_SIDECARS_ELECTRA=1152
+ MAX_REQUEST_BLOB_SIDECARS_ELECTRA=1152
+ cat /config/cl/config.yaml
+ sed '/^BLOB_SCHEDULE:/,/^[a-zA-Z]/ d'
+ sed 's/#HUMAN_TIME_PLACEHOLDER/# 2026-Mar-04 04:56:43 AM UTC/'
+ envsubst
+ add_blob_schedule /data/metadata/config.yaml
+ local config_file=/data/metadata/config.yaml
+ INCLUDE_SCHEDULE=false
+ BLOB_SCHEDULE=
+ DEFAULT_BPO_EPOCH=18446744073709551615
+ for i in {1..5}
+ var_epoch=BPO_1_EPOCH
+ var_blobs=BPO_1_MAX_BLOBS
+ var_next_epoch=BPO_2_EPOCH
+ '[' -n 18446744073709551615 ']'
+ '[' 18446744073709551615 '!=' 18446744073709551615 ']'
+ for i in {1..5}
+ var_epoch=BPO_2_EPOCH
+ var_blobs=BPO_2_MAX_BLOBS
+ var_next_epoch=BPO_3_EPOCH
+ '[' -n 18446744073709551615 ']'
+ '[' 18446744073709551615 '!=' 18446744073709551615 ']'
+ for i in {1..5}
+ var_epoch=BPO_3_EPOCH
+ var_blobs=BPO_3_MAX_BLOBS
+ var_next_epoch=BPO_4_EPOCH
+ '[' -n 18446744073709551615 ']'
+ '[' 18446744073709551615 '!=' 18446744073709551615 ']'
+ for i in {1..5}
+ var_epoch=BPO_4_EPOCH
+ var_blobs=BPO_4_MAX_BLOBS
+ var_next_epoch=BPO_5_EPOCH
+ '[' -n 18446744073709551615 ']'
+ '[' 18446744073709551615 '!=' 18446744073709551615 ']'
+ for i in {1..5}
+ var_epoch=BPO_5_EPOCH
+ var_blobs=BPO_5_MAX_BLOBS
+ var_next_epoch=BPO_6_EPOCH
+ '[' -n 18446744073709551615 ']'
+ '[' 18446744073709551615 '!=' 18446744073709551615 ']'
+ '[' false = true ']'
+ echo '
BLOB_SCHEDULE: []'
+ '[' 0x00 == 0x00 ']'
+ export WITHDRAWAL_ADDRESS=null
+ WITHDRAWAL_ADDRESS=null
+ envsubst
+ '[' -n '[]' ']'
+ '[' '[]' '!=' '[]' ']'
+ [[ minimal == \m\i\n\i\m\a\l ]]
+ gen_minimal_config
+ replacements=(['MIN_PER_EPOCH_CHURN_LIMIT']='2' ['MIN_PER_EPOCH_CHURN_LIMIT_ELECTRA']='64000000000' ['MAX_PER_EPOCH_ACTIVATION_EXIT_CHURN_LIMIT']='128000000000' ['EPOCHS_PER_SHUFFLING_PHASE']='4' ['PROPOSER_SELECTION_GAP']='1' ['MIN_BUILDER_WITHDRAWABILITY_DELAY']='8')
+ declare -A replacements
+ for key in "${!replacements[@]}"
+ sed -i 's/MIN_BUILDER_WITHDRAWABILITY_DELAY:.*/MIN_BUILDER_WITHDRAWABILITY_DELAY: 8/' /data/metadata/config.yaml
+ for key in "${!replacements[@]}"
+ sed -i 's/EPOCHS_PER_SHUFFLING_PHASE:.*/EPOCHS_PER_SHUFFLING_PHASE: 4/' /data/metadata/config.yaml
+ for key in "${!replacements[@]}"
+ sed -i 's/MAX_PER_EPOCH_ACTIVATION_EXIT_CHURN_LIMIT:.*/MAX_PER_EPOCH_ACTIVATION_EXIT_CHURN_LIMIT: 128000000000/' /data/metadata/config.yaml
+ for key in "${!replacements[@]}"
+ sed -i 's/PROPOSER_SELECTION_GAP:.*/PROPOSER_SELECTION_GAP: 1/' /data/metadata/config.yaml
+ for key in "${!replacements[@]}"
+ sed -i 's/MIN_PER_EPOCH_CHURN_LIMIT:.*/MIN_PER_EPOCH_CHURN_LIMIT: 2/' /data/metadata/config.yaml
+ for key in "${!replacements[@]}"
+ sed -i 's/MIN_PER_EPOCH_CHURN_LIMIT_ELECTRA:.*/MIN_PER_EPOCH_CHURN_LIMIT_ELECTRA: 64000000000/' /data/metadata/config.yaml
+ cp /tmp/ci-yFNDxBwZL1/mnemonics.yaml /data/metadata/mnemonics.yaml
+ grep DEPOSIT_CONTRACT_ADDRESS /data/metadata/config.yaml
+ cut -d ' ' -f2
+ echo 0
+ echo enr:-Iq4QJk4WqRkjsX5c2CXtOra6HnxN-BMXnWhmhEQO9Bn9iABTJGdjUOurM7Btj1ouKaFkvTRoju5vz2GPmVON2dffQKGAX53x8JigmlkgnY0gmlwhLKAlv6Jc2VjcDI1NmsxoQK6S-Cii_KmfFdUJL2TANL3ksaKUnNXvTCv1tLwXs0QgIN1ZHCCIyk
+ genesis_args+=(beaconchain --config /data/metadata/config.yaml --eth1-config /data/metadata/genesis.json --mnemonics $tmp_dir/mnemonics.yaml --state-output /data/metadata/genesis.ssz --json-output /data/parsed/parsedConsensusGenesis.json)
+ [[ '' != '' ]]
+ [[ '' != '' ]]
+ '[' -z '' ']'
+ /usr/local/bin/eth-genesis-state-generator beaconchain --config /data/metadata/config.yaml --eth1-config /data/metadata/genesis.json --mnemonics /tmp/ci-yFNDxBwZL1/mnemonics.yaml --state-output /data/metadata/genesis.ssz --json-output /data/parsed/parsedConsensusGenesis.json
time="2026-03-04T04:56:30Z" level=info msg="eth-beacon-genesis version: git-201b86f"
time="2026-03-04T04:56:30Z" level=info msg="loaded execution genesis. chainid: 3151908"
time="2026-03-04T04:56:30Z" level=info msg="loaded consensus config. genesis fork version: 0x10000038"
time="2026-03-04T04:56:30Z" level=info msg="processing mnemonic 0, for 128 validators"
time="2026-03-04T04:56:30Z" level=info msg="...validator 100/128"
time="2026-03-04T04:56:30Z" level=info msg="loaded 128 validators. total balance: 4096 ETH"
time="2026-03-04T04:56:30Z" level=info msg="genesis version: electra"
time="2026-03-04T04:56:30Z" level=info msg="genesis time: 1772600203"
time="2026-03-04T04:56:30Z" level=info msg="genesis validators root: 0xd1ec305b97bf6336571c2348e4a8bf173684b0cdb7e55f7e6554d51f8478b5a3"
time="2026-03-04T04:56:30Z" level=info msg="successfully built genesis state."
time="2026-03-04T04:56:30Z" level=info msg="serialized genesis state to SSZ file: /data/metadata/genesis.ssz"
serialized genesis state to JSON file: /data/parsed/parsedConsensusGenesis.json
Genesis args: beaconchain --config /data/metadata/config.yaml --eth1-config /data/metadata/genesis.json --mnemonics /tmp/ci-yFNDxBwZL1/mnemonics.yaml --state-output /data/metadata/genesis.ssz --json-output /data/parsed/parsedConsensusGenesis.json
+ echo 'Genesis args: beaconchain' --config /data/metadata/config.yaml --eth1-config /data/metadata/genesis.json --mnemonics /tmp/ci-yFNDxBwZL1/mnemonics.yaml --state-output /data/metadata/genesis.ssz --json-output /data/parsed/parsedConsensusGenesis.json
++ jq -r .latest_execution_payload_header.block_number /data/parsed/parsedConsensusGenesis.json
+ echo 'Genesis block number: 0'
Genesis block number: 0
++ jq -r .latest_execution_payload_header.block_hash /data/parsed/parsedConsensusGenesis.json
+ echo 'Genesis block hash: 0x88bed526b46c52b698801d85f85d997b33a47b5e42e33f52421a01341d7a5c7e'
Genesis block hash: 0x88bed526b46c52b698801d85f85d997b33a47b5e42e33f52421a01341d7a5c7e
+ jq -r .eth1_data.block_hash /data/parsed/parsedConsensusGenesis.json
+ tr -d '\n'
+ jq -r .genesis_validators_root /data/parsed/parsedConsensusGenesis.json
+ tr -d '\n'
+ gen_shared_files
+ set -x
+ mkdir -p /data/metadata
+ '[' -f /data/jwt/jwtsecret ']'
+ mkdir -p /data/jwt
++ openssl rand -hex 32
++ tr -d '\n'
+ echo -n 0x4d2921f15dc0c84dd97713cca6cff13bc8cb9494a2466bf8cbd171dc29b6889b
+ '[' -f /data/metadata/genesis.json ']'
++ cat /data/metadata/genesis.json
++ jq -r '.config.terminalTotalDifficulty | tostring'
+ terminalTotalDifficulty=0
+ sed -i 's/TERMINAL_TOTAL_DIFFICULTY:.*/TERMINAL_TOTAL_DIFFICULTY: 0/' /data/metadata/config.yaml
+ '[' false = true ']'

--------------------

Reading genesis validators root
Command returned with exit code '0' and the following output: 0xd1ec305b97bf6336571c2348e4a8bf173684b0cdb7e55f7e6554d51f8478b5a3

Reading osaka time from genesis
Command returned with exit code '0' and the following output: null

Adding service with name 'el-1-geth-teku' and image 'docker.ethquokkaops.io/dh/ethereum/client-go:latest'
Service 'el-1-geth-teku' added with service UUID 'e0793bcc77864b26a468469455a9a48e'

Waiting for at most '30m0s' for service 'el-1-geth-teku' to reach a certain state
Wait took 1 tries (10.988203ms in total). Assertion passed with following:
Request had response code '200' and body "{\"jsonrpc\":\"2.0\",\"id\":1,\"result\":{\"id\":\"31e42d0effa8d9adbd1d9124c01b26f798d8b2c8d0ef05314c9fb17f64a0607a\",\"name\":\"Geth/v1.17.2-unstable-4f75049e-20260304/linux-amd64/go1.26.0\",\"enode\":\"enode://30d37057a1787760a495c91443bd8909f6f7648fdb36082ee768dd9be03b9a883de5c1c53ffb565e44ebefc24e7a0e4a5ffba46d1a3724ab101b94674b10b95b@172.16.0.10:30303\",\"enr\":\"enr:-KO4QLzXclJO0_EKwaLI9PBg3_9vxrPAGmK-6_491gs6_xikVNbX7r3ETRnaXrz6ZOnFcYCe0bSF_T02fQpuBC_Wyx-GAZy3NG8Mg2V0aMfGhIIv6aCAgmlkgnY0gmlwhKwQAAqJc2VjcDI1NmsxoQMw03BXoXh3YKSVyRRDvYkJ9vdkj9s2CC7naN2b4DuaiIRzbmFwwIN0Y3CCdl-DdWRwgnZf\",\"ip\":\"172.16.0.10\",\"ports\":{\"discovery\":30303,\"listener\":30303},\"listenAddr\":\"[::]:30303\",\"protocols\":{\"eth\":{\"network\":3151908,\"genesis\":\"0x88bed526b46c52b698801d85f85d997b33a47b5e42e33f52421a01341d7a5c7e\",\"config\":{\"chainId\":3151908,\"homesteadBlock\":0,\"eip150Block\":0,\"eip155Block\":0,\"eip158Block\":0,\"byzantiumBlock\":0,\"constantinopleBlock\":0,\"petersburgBlock\":0,\"istanbulBlock\":0,\"berlinBlock\":0,\"londonBlock\":0,\"mergeNetsplitBlock\":0,\"shanghaiTime\":0,\"cancunTime\":0,\"pragueTime\":0,\"terminalTotalDifficulty\":0,\"depositContractAddress\":\"0x00000000219ab540356cbb839cbe05303d7705fa\",\"blobSchedule\":{\"cancun\":{\"target\":3,\"max\":6,\"baseFeeUpdateFraction\":3338477},\"prague\":{\"target\":6,\"max\":9,\"baseFeeUpdateFraction\":5007716}}},\"head\":\"0x88bed526b46c52b698801d85f85d997b33a47b5e42e33f52421a01341d7a5c7e\"},\"snap\":{}}}}\n", with extracted fields:
'extract.enr': "enr:-KO4QLzXclJO0_EKwaLI9PBg3_9vxrPAGmK-6_491gs6_xikVNbX7r3ETRnaXrz6ZOnFcYCe0bSF_T02fQpuBC_Wyx-GAZy3NG8Mg2V0aMfGhIIv6aCAgmlkgnY0gmlwhKwQAAqJc2VjcDI1NmsxoQMw03BXoXh3YKSVyRRDvYkJ9vdkj9s2CC7naN2b4DuaiIRzbmFwwIN0Y3CCdl-DdWRwgnZf"
'extract.enode': "enode://30d37057a1787760a495c91443bd8909f6f7648fdb36082ee768dd9be03b9a883de5c1c53ffb565e44ebefc24e7a0e4a5ffba46d1a3724ab101b94674b10b95b@172.16.0.10:30303"

Printing a message
Successfully added 1 EL participants

Printing a message
Launching CL network

Adding service with name 'cl-1-teku-geth' and image 'docker.ethquokkaops.io/dh/ethpandaops/teku:master'
Service 'cl-1-teku-geth' added with service UUID '3fc06db306904faf9fffa4bfc9687702'

Running 'GET' request on service 'cl-1-teku-geth'
Request had response code '200' and body "{\"data\":{\"peer_id\":\"16Uiu2HAm7jLgdFJ1L85hRcDNvYiVsEvckhR9tDEbFDtLZHZp3J6X\",\"enr\":\"enr:-LK4QGFjucjJF2MX6O1Gmzn4wBbgk03yuYeN9N3a3mYuYqdPHQwW1HJNqaJgY0QKhof5L1363_fLQ93j4mLZB9NNEIYEh2F0dG5ldHOIAAAAAAAAAAOEZXRoMpDRHCV2YAAAOP__________gmlkgnY0gmlwhKwQAAuJc2VjcDI1NmsxoQK20uEvQ-UijF1fweICh6s4v5xiPQnsVM9Rf42byA7j5IN0Y3CCIyiDdWRwgiMo\",\"p2p_addresses\":[\"/ip4/172.16.0.11/tcp/9000/p2p/16Uiu2HAm7jLgdFJ1L85hRcDNvYiVsEvckhR9tDEbFDtLZHZp3J6X\"],\"discovery_addresses\":[\"/ip4/172.16.0.11/udp/9000/p2p/16Uiu2HAm7jLgdFJ1L85hRcDNvYiVsEvckhR9tDEbFDtLZHZp3J6X\"],\"metadata\":{\"seq_number\":\"1\",\"attnets\":\"0x0000000000000003\",\"syncnets\":\"0x00\"}}}", with extracted fields:
'extract.peer_id': "16Uiu2HAm7jLgdFJ1L85hRcDNvYiVsEvckhR9tDEbFDtLZHZp3J6X"
'extract.enr': "enr:-LK4QGFjucjJF2MX6O1Gmzn4wBbgk03yuYeN9N3a3mYuYqdPHQwW1HJNqaJgY0QKhof5L1363_fLQ93j4mLZB9NNEIYEh2F0dG5ldHOIAAAAAAAAAAOEZXRoMpDRHCV2YAAAOP__________gmlkgnY0gmlwhKwQAAuJc2VjcDI1NmsxoQK20uEvQ-UijF1fweICh6s4v5xiPQnsVM9Rf42byA7j5IN0Y3CCIyiDdWRwgiMo"
'extract.multiaddr': "/ip4/172.16.0.11/tcp/9000/p2p/16Uiu2HAm7jLgdFJ1L85hRcDNvYiVsEvckhR9tDEbFDtLZHZp3J6X"

Printing a message
Successfully added 1 CL participants

Printing a message
Start adding validators for participant #1

Printing a message
NODE JSON RPC URI: 'el-1-geth-teku:8545'

Rendering a template to a files artifact with name 'validator-ranges'
Templates artifact name 'validator-ranges' rendered with artifact UUID '80e37f1ca28c4ea583f7ef7b50a5d024'

Printing a message
Launching dora

Rendering a template to a files artifact with name 'dora-config'
Templates artifact name 'dora-config' rendered with artifact UUID 'd792ee906ddc4778975b79e617fb294c'

Adding service with name 'dora' and image 'docker.ethquokkaops.io/dh/ethpandaops/dora:latest'
Service 'dora' added with service UUID 'c1f5d75a844740e8adba4e7ecf3a6859'

Printing a message
Successfully launched dora

Printing a message
Launching spamoor

Rendering a template to a files artifact with name 'spamoor-config'
Templates artifact name 'spamoor-config' rendered with artifact UUID '710bb54e97a84c078785847dfbbb76a8'

Adding service with name 'spamoor' and image 'docker.ethquokkaops.io/dh/ethpandaops/spamoor:latest'
Service 'spamoor' added with service UUID '3169b0ab6ebd400581d49fd517f1e54a'

Printing a message
Successfully launched spamoor

Starlark code successfully run. Output was:
{
	"all_participants": [
		{
			"cl_context": {
				"beacon_grpc_url": "",
				"beacon_http_url": "http://cl-1-teku-geth:4000",
				"beacon_service_name": "cl-1-teku-geth",
				"cl_nodes_metrics_info": [
					{
						"config": {
							"labels": null,
							"scrape_interval": "15s"
						},
						"name": "cl-1-teku-geth",
						"path": "/metrics",
						"url": "cl-1-teku-geth:8008"
					}
				],
				"client_name": "teku",
				"enr": "enr:-LK4QGFjucjJF2MX6O1Gmzn4wBbgk03yuYeN9N3a3mYuYqdPHQwW1HJNqaJgY0QKhof5L1363_fLQ93j4mLZB9NNEIYEh2F0dG5ldHOIAAAAAAAAAAOEZXRoMpDRHCV2YAAAOP__________gmlkgnY0gmlwhKwQAAuJc2VjcDI1NmsxoQK20uEvQ-UijF1fweICh6s4v5xiPQnsVM9Rf42byA7j5IN0Y3CCIyiDdWRwgiMo",
				"http_port": 4000,
				"ip_addr": "cl-1-teku-geth",
				"ip_address": "",
				"multiaddr": "/ip4/172.16.0.11/tcp/9000/p2p/16Uiu2HAm7jLgdFJ1L85hRcDNvYiVsEvckhR9tDEbFDtLZHZp3J6X",
				"peer_id": "16Uiu2HAm7jLgdFJ1L85hRcDNvYiVsEvckhR9tDEbFDtLZHZp3J6X",
				"snooper_el_engine_context": null,
				"snooper_enabled": false,
				"supernode": false,
				"validator_keystore_files_artifact_uuid": "1-teku-geth-0-127"
			},
			"cl_type": "teku",
			"el_context": {
				"client_name": "geth",
				"dns_name": "el-1-geth-teku",
				"el_metrics_info": [
					{
						"config": {
							"labels": null,
							"scrape_interval": "15s"
						},
						"name": "el-1-geth-teku",
						"path": "/debug/metrics/prometheus",
						"url": "el-1-geth-teku:9001"
					}
				],
				"engine_rpc_port_num": 8551,
				"enode": "enode://30d37057a1787760a495c91443bd8909f6f7648fdb36082ee768dd9be03b9a883de5c1c53ffb565e44ebefc24e7a0e4a5ffba46d1a3724ab101b94674b10b95b@172.16.0.10:30303",
				"enr": "enr:-KO4QLzXclJO0_EKwaLI9PBg3_9vxrPAGmK-6_491gs6_xikVNbX7r3ETRnaXrz6ZOnFcYCe0bSF_T02fQpuBC_Wyx-GAZy3NG8Mg2V0aMfGhIIv6aCAgmlkgnY0gmlwhKwQAAqJc2VjcDI1NmsxoQMw03BXoXh3YKSVyRRDvYkJ9vdkj9s2CC7naN2b4DuaiIRzbmFwwIN0Y3CCdl-DdWRwgnZf",
				"ip_addr": "172.16.0.10",
				"rpc_http_url": "http://el-1-geth-teku:8545",
				"rpc_port_num": 8545,
				"service_name": "el-1-geth-teku",
				"ws_port_num": 8546,
				"ws_url": "ws://el-1-geth-teku:8546"
			},
			"el_type": "geth",
			"ethereum_metrics_exporter_context": null,
			"remote_signer_context": null,
			"remote_signer_type": "web3signer",
			"snooper_beacon_context": null,
			"snooper_el_engine_context": null,
			"snooper_el_rpc_context": null,
			"vc_context": null,
			"vc_type": "teku",
			"xatu_sentry_context": null
		}
	],
	"blockscout_sc_verif_url": null,
	"final_genesis_timestamp": "1772600203",
	"genesis_validators_root": "0xd1ec305b97bf6336571c2348e4a8bf173684b0cdb7e55f7e6554d51f8478b5a3",
	"grafana_info": {
		"dashboard_path": "/d/QdTOwy-nz/eth2-merge-kurtosis-module-dashboard?orgId=1",
		"password": "admin",
		"user": "admin"
	},
	"network_id": "3151908",
	"network_params": {
		"additional_mnemonics": [],
		"additional_preloaded_contracts": {},
		"aggregate_due_bps_gloas": 5000,
		"altair_fork_epoch": 0,
		"attestation_due_bps_gloas": 2500,
		"base_fee_update_fraction_electra": 5007716,
		"bellatrix_fork_epoch": 0,
		"bpo_1_base_fee_update_fraction": 8346193,
		"bpo_1_epoch": 18446744073709551615,
		"bpo_1_max_blobs": 15,
		"bpo_1_target_blobs": 10,
		"bpo_2_base_fee_update_fraction": 11684671,
		"bpo_2_epoch": 18446744073709551615,
		"bpo_2_max_blobs": 21,
		"bpo_2_target_blobs": 14,
		"bpo_3_base_fee_update_fraction": 0,
		"bpo_3_epoch": 18446744073709551615,
		"bpo_3_max_blobs": 0,
		"bpo_3_target_blobs": 0,
		"bpo_4_base_fee_update_fraction": 0,
		"bpo_4_epoch": 18446744073709551615,
		"bpo_4_max_blobs": 0,
		"bpo_4_target_blobs": 0,
		"bpo_5_base_fee_update_fraction": 0,
		"bpo_5_epoch": 18446744073709551615,
		"bpo_5_max_blobs": 0,
		"bpo_5_target_blobs": 0,
		"capella_fork_epoch": 0,
		"churn_limit_quotient": 32,
		"contribution_due_bps_gloas": 5000,
		"custody_requirement": 4,
		"data_column_sidecar_subnet_count": 128,
		"deneb_fork_epoch": 0,
		"deposit_contract_address": "0x00000000219ab540356cBB839Cbe05303d7705Fa",
		"devnet_repo": "ethpandaops",
		"eip7441_fork_epoch": 18446744073709551615,
		"ejection_balance": 16000000000,
		"electra_fork_epoch": 0,
		"eth1_follow_distance": 16,
		"force_snapshot_sync": false,
		"fulu_fork_epoch": 18446744073709551615,
		"gas_limit": 0,
		"genesis_delay": 5,
		"genesis_gaslimit": 60000000,
		"genesis_time": 0,
		"gloas_fork_epoch": 18446744073709551615,
		"heze_fork_epoch": 18446744073709551615,
		"inclusion_list_submission_due_bps": 6667,
		"max_blobs_per_block_electra": 9,
		"max_payload_size": 10485760,
		"max_per_epoch_activation_churn_limit": 4,
		"max_request_blob_sidecars_electra": 1152,
		"max_request_blocks_deneb": 128,
		"min_builder_withdrawability_delay": 8,
		"min_epochs_for_block_requests": 272,
		"min_epochs_for_data_column_sidecars_requests": 4096,
		"min_validator_withdrawability_delay": 256,
		"network": "kurtosis",
		"network_id": "3151908",
		"network_sync_base_url": "https://snapshots.ethpandaops.io/",
		"num_validator_keys_per_node": 128,
		"payload_attestation_due_bps": 7500,
		"perfect_peerdas_enabled": false,
		"prefunded_accounts": {},
		"preregistered_validator_count": 0,
		"preregistered_validator_keys_mnemonic": "giant issue aisle success illegal bike spike question tent bar rely arctic volcano long crawl hungry vocal artwork sniff fantasy very lucky have athlete",
		"preset": "minimal",
		"proposer_inclusion_list_cutoff_bps": 9167,
		"samples_per_slot": 8,
		"seconds_per_slot": 6,
		"shadowfork_block_height": "latest",
		"shard_committee_period": 64,
		"slot_duration_ms": 6000,
		"sync_message_due_bps_gloas": 2500,
		"target_blobs_per_block_electra": 6,
		"validator_balance": 32,
		"view_freeze_cutoff_bps": 7500,
		"withdrawal_address": "0x8943545177806ED17B9F23F0a21ee5948eCaa776",
		"withdrawal_type": "0x00"
	},
	"pre_funded_accounts": [
		{
			"address": "0x8943545177806ED17B9F23F0a21ee5948eCaa776",
			"private_key": "bcdf20249abf0ed6d944c0288fad489e33f66b3960d9e6229c1cd214ed3bbe31"
		},
		{
			"address": "0xE25583099BA105D9ec0A67f5Ae86D90e50036425",
			"private_key": "39725efee3fb28614de3bacaffe4cc4bd8c436257e2c8bb887c4b5c4be45e76d"
		},
		{
			"address": "0x614561D2d143621E126e87831AEF287678B442b8",
			"private_key": "53321db7c1e331d93a11a41d16f004d7ff63972ec8ec7c25db329728ceeb1710"
		},
		{
			"address": "0xf93Ee4Cf8c6c40b329b0c0626F28333c132CF241",
			"private_key": "ab63b23eb7941c1251757e24b3d2350d2bc05c3c388d06f8fe6feafefb1e8c70"
		},
		{
			"address": "0x802dCbE1B1A97554B4F50DB5119E37E8e7336417",
			"private_key": "5d2344259f42259f82d2c140aa66102ba89b57b4883ee441a8b312622bd42491"
		},
		{
			"address": "0xAe95d8DA9244C37CaC0a3e16BA966a8e852Bb6D6",
			"private_key": "27515f805127bebad2fb9b183508bdacb8c763da16f54e0678b16e8f28ef3fff"
		},
		{
			"address": "0x2c57d1CFC6d5f8E4182a56b4cf75421472eBAEa4",
			"private_key": "7ff1a4c1d57e5e784d327c4c7651e952350bc271f156afb3d00d20f5ef924856"
		},
		{
			"address": "0x741bFE4802cE1C4b5b00F9Df2F5f179A1C89171A",
			"private_key": "3a91003acaf4c21b3953d94fa4a6db694fa69e5242b2e37be05dd82761058899"
		},
		{
			"address": "0xc3913d4D8bAb4914328651C2EAE817C8b78E1f4c",
			"private_key": "bb1d0f125b4fb2bb173c318cdead45468474ca71474e2247776b2b4c0fa2d3f5"
		},
		{
			"address": "0x65D08a056c17Ae13370565B04cF77D2AfA1cB9FA",
			"private_key": "850643a0224065ecce3882673c21f56bcf6eef86274cc21cadff15930b59fc8c"
		},
		{
			"address": "0x3e95dFbBaF6B348396E6674C7871546dCC568e56",
			"private_key": "94eb3102993b41ec55c241060f47daa0f6372e2e3ad7e91612ae36c364042e44"
		},
		{
			"address": "0x5918b2e647464d4743601a865753e64C8059Dc4F",
			"private_key": "daf15504c22a352648a71ef2926334fe040ac1d5005019e09f6c979808024dc7"
		},
		{
			"address": "0x589A698b7b7dA0Bec545177D3963A2741105C7C9",
			"private_key": "eaba42282ad33c8ef2524f07277c03a776d98ae19f581990ce75becb7cfa1c23"
		},
		{
			"address": "0x4d1CB4eB7969f8806E2CaAc0cbbB71f88C8ec413",
			"private_key": "3fd98b5187bf6526734efaa644ffbb4e3670d66f5d0268ce0323ec09124bff61"
		},
		{
			"address": "0xF5504cE2BcC52614F121aff9b93b2001d92715CA",
			"private_key": "5288e2f440c7f0cb61a9be8afdeb4295f786383f96f5e35eb0c94ef103996b64"
		},
		{
			"address": "0xF61E98E7D47aB884C244E39E031978E33162ff4b",
			"private_key": "f296c7802555da2a5a662be70e078cbd38b44f96f8615ae529da41122ce8db05"
		},
		{
			"address": "0xf1424826861ffbbD25405F5145B5E50d0F1bFc90",
			"private_key": "bf3beef3bd999ba9f2451e06936f0423cd62b815c9233dd3bc90f7e02a1e8673"
		},
		{
			"address": "0xfDCe42116f541fc8f7b0776e2B30832bD5621C85",
			"private_key": "6ecadc396415970e91293726c3f5775225440ea0844ae5616135fd10d66b5954"
		},
		{
			"address": "0xD9211042f35968820A3407ac3d80C725f8F75c14",
			"private_key": "a492823c3e193d6c595f37a18e3c06650cf4c74558cc818b16130b293716106f"
		},
		{
			"address": "0xD8F3183DEF51A987222D845be228e0Bbb932C222",
			"private_key": "c5114526e042343c6d1899cad05e1c00ba588314de9b96929914ee0df18d46b2"
		},
		{
			"address": "0xafF0CA253b97e54440965855cec0A8a2E2399896",
			"private_key": "04b9f63ecf84210c5366c66d68fa1f5da1fa4f634fad6dfc86178e4d79ff9e59"
		}
	]
}

⭐ us on GitHub - https://github.com/kurtosis-tech/kurtosis
[36mINFO[0m[2026-03-04T04:56:56Z] [BENCH] starlark run stream completed in 33.020946219s (total wall clock: 33.83645171s) 
[36mINFO[0m[2026-03-04T04:56:56Z] ===================================================================== 
[36mINFO[0m[2026-03-04T04:56:56Z] ||          Created enclave: bench-baseline-single-remote          || 
[36mINFO[0m[2026-03-04T04:56:56Z] ===================================================================== 
Name:            bench-baseline-single-remote
UUID:            9de4f4f7c8a2
Status:          RUNNING
Creation Time:   Wed, 04 Mar 2026 04:56:22 UTC
Flags:           

========================================= Files Artifacts =========================================
UUID           Name
e0c353999521   1-teku-geth-0-127
d792ee906ddc   dora-config
83c77ad0524a   el_cl_genesis_data
270ed16e686c   final-genesis-timestamp
8df069d58fc4   genesis-el-cl-env-file
3b138087f481   genesis_validators_root
c46a5a441aea   jwt_file
9c4a7258c883   keymanager_file
6647b28d9e56   prysm-password
710bb54e97a8   spamoor-config
80e37f1ca28c   validator-ranges

========================================== User Services ==========================================
UUID           Name                                               Ports                                         Status
3fc06db30690   cl-1-teku-geth                                     http: 4000/tcp -> http://127.0.0.1:32786      RUNNING
                                                                  metrics: 8008/tcp -> http://127.0.0.1:32787   
                                                                  tcp-discovery: 9000/tcp -> 127.0.0.1:32788    
                                                                  udp-discovery: 9000/udp                       
c1f5d75a8447   dora                                               http: 8080/tcp -> http://127.0.0.1:32789      RUNNING
e0793bcc7786   el-1-geth-teku                                     engine-rpc: 8551/tcp -> 127.0.0.1:32783       RUNNING
                                                                  metrics: 9001/tcp -> http://127.0.0.1:32784   
                                                                  rpc: 8545/tcp -> 127.0.0.1:32781              
                                                                  tcp-discovery: 30303/tcp -> 127.0.0.1:32785   
                                                                  udp-discovery: 30303/udp                      
                                                                  ws: 8546/tcp -> 127.0.0.1:32782               
3169b0ab6ebd   spamoor                                            http: 8080/tcp -> http://127.0.0.1:32790      RUNNING
af03c15c3b79   validator-key-generation-cl-validator-keystore-0   <none>                                        RUNNING

